::1 - - [14/Aug/2021:10:18:25 +0000] "GET / HTTP/1.1" 404 139 "-" "Mozilla/5.0 (Macintosh; Intel Mac OS X 10_15_7) AppleWebKit/537.36 (KHTML, like Gecko) Chrome/92.0.4515.131 Safari/537.36"
::1 - - [14/Aug/2021:10:18:25 +0000] "POST /ajax.php?v=1628936305694 HTTP/1.1" 404 148 "http://localhost:3000/" "Mozilla/5.0 (Macintosh; Intel Mac OS X 10_15_7) AppleWebKit/537.36 (KHTML, like Gecko) Chrome/92.0.4515.131 Safari/537.36"
::1 - - [14/Aug/2021:10:25:02 +0000] "GET / HTTP/1.1" 200 53 "-" "Mozilla/5.0 (Macintosh; Intel Mac OS X 10_15_7) AppleWebKit/537.36 (KHTML, like Gecko) Chrome/92.0.4515.131 Safari/537.36"
::1 - - [14/Aug/2021:10:25:03 +0000] "POST /ajax.php?v=1628936703075 HTTP/1.1" 200 53 "http://localhost:5000/" "Mozilla/5.0 (Macintosh; Intel Mac OS X 10_15_7) AppleWebKit/537.36 (KHTML, like Gecko) Chrome/92.0.4515.131 Safari/537.36"
::1 - - [14/Aug/2021:10:25:03 +0000] "GET /favicon.ico HTTP/1.1" 200 53 "http://localhost:5000/" "Mozilla/5.0 (Macintosh; Intel Mac OS X 10_15_7) AppleWebKit/537.36 (KHTML, like Gecko) Chrome/92.0.4515.131 Safari/537.36"
::1 - - [14/Aug/2021:10:25:45 +0000] "GET /?banyak=good HTTP/1.1" 200 53 "-" "Mozilla/5.0 (Macintosh; Intel Mac OS X 10_15_7) AppleWebKit/537.36 (KHTML, like Gecko) Chrome/92.0.4515.131 Safari/537.36"
::1 - - [14/Aug/2021:10:25:45 +0000] "POST /ajax.php?v=1628936745321 HTTP/1.1" 200 53 "http://localhost:5000/?banyak=good" "Mozilla/5.0 (Macintosh; Intel Mac OS X 10_15_7) AppleWebKit/537.36 (KHTML, like Gecko) Chrome/92.0.4515.131 Safari/537.36"
::1 - - [14/Aug/2021:10:25:45 +0000] "GET /favicon.ico HTTP/1.1" 304 - "http://localhost:5000/?banyak=good" "Mozilla/5.0 (Macintosh; Intel Mac OS X 10_15_7) AppleWebKit/537.36 (KHTML, like Gecko) Chrome/92.0.4515.131 Safari/537.36"
::1 - - [14/Aug/2021:10:25:50 +0000] "GET /?banyak=good HTTP/1.1" 200 67 "-" "Mozilla/5.0 (Macintosh; Intel Mac OS X 10_15_7) AppleWebKit/537.36 (KHTML, like Gecko) Chrome/92.0.4515.131 Safari/537.36"
::1 - - [14/Aug/2021:10:25:50 +0000] "POST /ajax.php?v=1628936750970 HTTP/1.1" 200 71 "http://localhost:5000/?banyak=good" "Mozilla/5.0 (Macintosh; Intel Mac OS X 10_15_7) AppleWebKit/537.36 (KHTML, like Gecko) Chrome/92.0.4515.131 Safari/537.36"
::1 - - [14/Aug/2021:10:25:50 +0000] "GET /favicon.ico HTTP/1.1" 200 52 "http://localhost:5000/?banyak=good" "Mozilla/5.0 (Macintosh; Intel Mac OS X 10_15_7) AppleWebKit/537.36 (KHTML, like Gecko) Chrome/92.0.4515.131 Safari/537.36"
::1 - - [14/Aug/2021:10:26:02 +0000] "GET /?banyak=good HTTP/1.1" 200 57 "-" "Mozilla/5.0 (Macintosh; Intel Mac OS X 10_15_7) AppleWebKit/537.36 (KHTML, like Gecko) Chrome/92.0.4515.131 Safari/537.36"
::1 - - [14/Aug/2021:10:26:02 +0000] "POST /ajax.php?v=1628936762485 HTTP/1.1" 200 61 "http://localhost:5000/?banyak=good" "Mozilla/5.0 (Macintosh; Intel Mac OS X 10_15_7) AppleWebKit/537.36 (KHTML, like Gecko) Chrome/92.0.4515.131 Safari/537.36"
::1 - - [14/Aug/2021:10:26:02 +0000] "GET /favicon.ico HTTP/1.1" 200 41 "http://localhost:5000/?banyak=good" "Mozilla/5.0 (Macintosh; Intel Mac OS X 10_15_7) AppleWebKit/537.36 (KHTML, like Gecko) Chrome/92.0.4515.131 Safari/537.36"
::1 - - [14/Aug/2021:10:26:07 +0000] "GET / HTTP/1.1" 200 41 "-" "Mozilla/5.0 (Macintosh; Intel Mac OS X 10_15_7) AppleWebKit/537.36 (KHTML, like Gecko) Chrome/92.0.4515.131 Safari/537.36"
::1 - - [14/Aug/2021:10:26:07 +0000] "POST /ajax.php?v=1628936767883 HTTP/1.1" 200 61 "http://localhost:5000/" "Mozilla/5.0 (Macintosh; Intel Mac OS X 10_15_7) AppleWebKit/537.36 (KHTML, like Gecko) Chrome/92.0.4515.131 Safari/537.36"
::1 - - [14/Aug/2021:10:26:07 +0000] "GET /favicon.ico HTTP/1.1" 304 - "http://localhost:5000/" "Mozilla/5.0 (Macintosh; Intel Mac OS X 10_15_7) AppleWebKit/537.36 (KHTML, like Gecko) Chrome/92.0.4515.131 Safari/537.36"
::1 - - [14/Aug/2021:10:29:17 +0000] "GET / HTTP/1.1" 200 15221 "-" "Mozilla/5.0 (Macintosh; Intel Mac OS X 10_15_7) AppleWebKit/537.36 (KHTML, like Gecko) Chrome/92.0.4515.131 Safari/537.36"
::1 - - [14/Aug/2021:10:29:18 +0000] "POST /ajax.php?v=1628936957729 HTTP/1.1" 200 15221 "http://localhost:5000/" "Mozilla/5.0 (Macintosh; Intel Mac OS X 10_15_7) AppleWebKit/537.36 (KHTML, like Gecko) Chrome/92.0.4515.131 Safari/537.36"
::1 - - [14/Aug/2021:10:29:19 +0000] "GET /favicon.ico HTTP/1.1" 200 16847 "http://localhost:5000/" "Mozilla/5.0 (Macintosh; Intel Mac OS X 10_15_7) AppleWebKit/537.36 (KHTML, like Gecko) Chrome/92.0.4515.131 Safari/537.36"
::1 - - [14/Aug/2021:10:48:09 +0000] "GET / HTTP/1.1" 200 15 "-" "Mozilla/5.0 (Macintosh; Intel Mac OS X 10_15_7) AppleWebKit/537.36 (KHTML, like Gecko) Chrome/92.0.4515.131 Safari/537.36"
::1 - - [14/Aug/2021:10:48:09 +0000] "POST /ajax.php?v=1628938089302 HTTP/1.1" 200 15 "http://localhost:5000/" "Mozilla/5.0 (Macintosh; Intel Mac OS X 10_15_7) AppleWebKit/537.36 (KHTML, like Gecko) Chrome/92.0.4515.131 Safari/537.36"
::1 - - [14/Aug/2021:10:48:09 +0000] "GET /favicon.ico HTTP/1.1" 200 15 "http://localhost:5000/" "Mozilla/5.0 (Macintosh; Intel Mac OS X 10_15_7) AppleWebKit/537.36 (KHTML, like Gecko) Chrome/92.0.4515.131 Safari/537.36"
::1 - - [14/Aug/2021:10:48:54 +0000] "GET /feeds HTTP/1.1" 200 35985 "-" "Mozilla/5.0 (Macintosh; Intel Mac OS X 10_15_7) AppleWebKit/537.36 (KHTML, like Gecko) Chrome/92.0.4515.131 Safari/537.36"
::1 - - [14/Aug/2021:10:48:54 +0000] "POST /ajax.php?v=1628938134408 HTTP/1.1" 200 15 "http://localhost:5000/feeds" "Mozilla/5.0 (Macintosh; Intel Mac OS X 10_15_7) AppleWebKit/537.36 (KHTML, like Gecko) Chrome/92.0.4515.131 Safari/537.36"
::1 - - [14/Aug/2021:10:48:54 +0000] "GET /favicon.ico HTTP/1.1" 304 - "http://localhost:5000/feeds" "Mozilla/5.0 (Macintosh; Intel Mac OS X 10_15_7) AppleWebKit/537.36 (KHTML, like Gecko) Chrome/92.0.4515.131 Safari/537.36"
::1 - - [14/Aug/2021:10:49:51 +0000] "GET /feeds?tags=fire HTTP/1.1" 200 15275 "-" "Mozilla/5.0 (Macintosh; Intel Mac OS X 10_15_7) AppleWebKit/537.36 (KHTML, like Gecko) Chrome/92.0.4515.131 Safari/537.36"
::1 - - [14/Aug/2021:10:49:51 +0000] "POST /ajax.php?v=1628938191688 HTTP/1.1" 200 15 "http://localhost:5000/feeds?tags=fire" "Mozilla/5.0 (Macintosh; Intel Mac OS X 10_15_7) AppleWebKit/537.36 (KHTML, like Gecko) Chrome/92.0.4515.131 Safari/537.36"
::1 - - [14/Aug/2021:10:49:51 +0000] "GET /favicon.ico HTTP/1.1" 304 - "http://localhost:5000/feeds?tags=fire" "Mozilla/5.0 (Macintosh; Intel Mac OS X 10_15_7) AppleWebKit/537.36 (KHTML, like Gecko) Chrome/92.0.4515.131 Safari/537.36"
::1 - - [14/Aug/2021:10:50:15 +0000] "POST /ajax.php?v=1628938215497 HTTP/1.1" 200 15 "http://localhost:5000/feeds?tags=fire" "Mozilla/5.0 (Macintosh; Intel Mac OS X 10_15_7) AppleWebKit/537.36 (KHTML, like Gecko) Chrome/92.0.4515.131 Safari/537.36"
::1 - - [14/Aug/2021:10:50:15 +0000] "GET /favicon.ico HTTP/1.1" 304 - "http://localhost:5000/feeds?tags=fire" "Mozilla/5.0 (Macintosh; Intel Mac OS X 10_15_7) AppleWebKit/537.36 (KHTML, like Gecko) Chrome/92.0.4515.131 Safari/537.36"
::1 - - [14/Aug/2021:10:50:18 +0000] "GET /feeds?tags=fire HTTP/1.1" 200 15409 "-" "Mozilla/5.0 (Macintosh; Intel Mac OS X 10_15_7) AppleWebKit/537.36 (KHTML, like Gecko) Chrome/92.0.4515.131 Safari/537.36"
::1 - - [14/Aug/2021:10:50:18 +0000] "POST /ajax.php?v=1628938218735 HTTP/1.1" 200 15 "http://localhost:5000/feeds?tags=fire" "Mozilla/5.0 (Macintosh; Intel Mac OS X 10_15_7) AppleWebKit/537.36 (KHTML, like Gecko) Chrome/92.0.4515.131 Safari/537.36"
::1 - - [14/Aug/2021:10:50:18 +0000] "GET /favicon.ico HTTP/1.1" 200 15 "http://localhost:5000/feeds?tags=fire" "Mozilla/5.0 (Macintosh; Intel Mac OS X 10_15_7) AppleWebKit/537.36 (KHTML, like Gecko) Chrome/92.0.4515.131 Safari/537.36"
::1 - - [14/Aug/2021:11:08:24 +0000] "GET /feeds HTTP/1.1" 200 18621 "-" "Mozilla/5.0 (Macintosh; Intel Mac OS X 10_15_7) AppleWebKit/537.36 (KHTML, like Gecko) Chrome/92.0.4515.131 Safari/537.36"
::1 - - [14/Aug/2021:11:08:25 +0000] "POST /ajax.php?v=1628939305025 HTTP/1.1" 200 15 "http://localhost:5000/feeds" "Mozilla/5.0 (Macintosh; Intel Mac OS X 10_15_7) AppleWebKit/537.36 (KHTML, like Gecko) Chrome/92.0.4515.131 Safari/537.36"
::1 - - [14/Aug/2021:11:08:25 +0000] "GET /favicon.ico HTTP/1.1" 304 - "http://localhost:5000/feeds" "Mozilla/5.0 (Macintosh; Intel Mac OS X 10_15_7) AppleWebKit/537.36 (KHTML, like Gecko) Chrome/92.0.4515.131 Safari/537.36"
::1 - - [14/Aug/2021:11:12:33 +0000] "GET /feeds HTTP/1.1" 500 31 "-" "Mozilla/5.0 (Macintosh; Intel Mac OS X 10_15_7) AppleWebKit/537.36 (KHTML, like Gecko) Chrome/92.0.4515.131 Safari/537.36"
::1 - - [14/Aug/2021:11:12:33 +0000] "POST /ajax.php?v=1628939553895 HTTP/1.1" 200 15 "http://localhost:5000/feeds" "Mozilla/5.0 (Macintosh; Intel Mac OS X 10_15_7) AppleWebKit/537.36 (KHTML, like Gecko) Chrome/92.0.4515.131 Safari/537.36"
::1 - - [14/Aug/2021:11:12:33 +0000] "GET /favicon.ico HTTP/1.1" 200 15 "http://localhost:5000/feeds" "Mozilla/5.0 (Macintosh; Intel Mac OS X 10_15_7) AppleWebKit/537.36 (KHTML, like Gecko) Chrome/92.0.4515.131 Safari/537.36"
::1 - - [14/Aug/2021:11:12:52 +0000] "GET /feeds HTTP/1.1" 200 16730 "-" "Mozilla/5.0 (Macintosh; Intel Mac OS X 10_15_7) AppleWebKit/537.36 (KHTML, like Gecko) Chrome/92.0.4515.131 Safari/537.36"
::1 - - [14/Aug/2021:11:12:52 +0000] "POST /ajax.php?v=1628939572480 HTTP/1.1" 200 15 "http://localhost:5000/feeds" "Mozilla/5.0 (Macintosh; Intel Mac OS X 10_15_7) AppleWebKit/537.36 (KHTML, like Gecko) Chrome/92.0.4515.131 Safari/537.36"
::1 - - [14/Aug/2021:11:12:52 +0000] "GET /favicon.ico HTTP/1.1" 200 15 "http://localhost:5000/feeds" "Mozilla/5.0 (Macintosh; Intel Mac OS X 10_15_7) AppleWebKit/537.36 (KHTML, like Gecko) Chrome/92.0.4515.131 Safari/537.36"
::1 - - [14/Aug/2021:11:39:28 +0000] "GET /feeds HTTP/1.1" 200 14870 "-" "Mozilla/5.0 (Macintosh; Intel Mac OS X 10_15_7) AppleWebKit/537.36 (KHTML, like Gecko) Chrome/92.0.4515.131 Safari/537.36"
::1 - - [14/Aug/2021:11:39:28 +0000] "POST /ajax.php?v=1628941168437 HTTP/1.1" 200 15 "http://localhost:5000/feeds" "Mozilla/5.0 (Macintosh; Intel Mac OS X 10_15_7) AppleWebKit/537.36 (KHTML, like Gecko) Chrome/92.0.4515.131 Safari/537.36"
::1 - - [14/Aug/2021:11:39:28 +0000] "GET /favicon.ico HTTP/1.1" 200 15 "http://localhost:5000/feeds" "Mozilla/5.0 (Macintosh; Intel Mac OS X 10_15_7) AppleWebKit/537.36 (KHTML, like Gecko) Chrome/92.0.4515.131 Safari/537.36"
::1 - - [14/Aug/2021:11:43:38 +0000] "GET /feeds HTTP/1.1" 200 16693 "-" "Mozilla/5.0 (Macintosh; Intel Mac OS X 10_15_7) AppleWebKit/537.36 (KHTML, like Gecko) Chrome/92.0.4515.131 Safari/537.36"
::1 - - [14/Aug/2021:11:43:38 +0000] "POST /ajax.php?v=1628941418864 HTTP/1.1" 200 15 "http://localhost:5000/feeds" "Mozilla/5.0 (Macintosh; Intel Mac OS X 10_15_7) AppleWebKit/537.36 (KHTML, like Gecko) Chrome/92.0.4515.131 Safari/537.36"
::1 - - [14/Aug/2021:11:43:38 +0000] "GET /favicon.ico HTTP/1.1" 200 15 "http://localhost:5000/feeds" "Mozilla/5.0 (Macintosh; Intel Mac OS X 10_15_7) AppleWebKit/537.36 (KHTML, like Gecko) Chrome/92.0.4515.131 Safari/537.36"
::1 - - [14/Aug/2021:11:44:19 +0000] "GET /feeds HTTP/1.1" 200 15953 "-" "Mozilla/5.0 (Macintosh; Intel Mac OS X 10_15_7) AppleWebKit/537.36 (KHTML, like Gecko) Chrome/92.0.4515.131 Safari/537.36"
::1 - - [14/Aug/2021:11:44:19 +0000] "POST /ajax.php?v=1628941459162 HTTP/1.1" 200 15 "http://localhost:5000/feeds" "Mozilla/5.0 (Macintosh; Intel Mac OS X 10_15_7) AppleWebKit/537.36 (KHTML, like Gecko) Chrome/92.0.4515.131 Safari/537.36"
::1 - - [14/Aug/2021:11:44:19 +0000] "GET /favicon.ico HTTP/1.1" 200 15 "http://localhost:5000/feeds" "Mozilla/5.0 (Macintosh; Intel Mac OS X 10_15_7) AppleWebKit/537.36 (KHTML, like Gecko) Chrome/92.0.4515.131 Safari/537.36"
::1 - - [14/Aug/2021:11:45:35 +0000] "GET /feeds HTTP/1.1" 200 15560 "-" "Mozilla/5.0 (Macintosh; Intel Mac OS X 10_15_7) AppleWebKit/537.36 (KHTML, like Gecko) Chrome/92.0.4515.131 Safari/537.36"
::1 - - [14/Aug/2021:11:45:35 +0000] "POST /ajax.php?v=1628941535189 HTTP/1.1" 200 15 "http://localhost:5000/feeds" "Mozilla/5.0 (Macintosh; Intel Mac OS X 10_15_7) AppleWebKit/537.36 (KHTML, like Gecko) Chrome/92.0.4515.131 Safari/537.36"
::1 - - [14/Aug/2021:11:45:35 +0000] "GET /favicon.ico HTTP/1.1" 200 15 "http://localhost:5000/feeds" "Mozilla/5.0 (Macintosh; Intel Mac OS X 10_15_7) AppleWebKit/537.36 (KHTML, like Gecko) Chrome/92.0.4515.131 Safari/537.36"
::1 - - [14/Aug/2021:11:45:51 +0000] "GET /feeds HTTP/1.1" 200 15744 "-" "Mozilla/5.0 (Macintosh; Intel Mac OS X 10_15_7) AppleWebKit/537.36 (KHTML, like Gecko) Chrome/92.0.4515.131 Safari/537.36"
::1 - - [14/Aug/2021:11:45:51 +0000] "POST /ajax.php?v=1628941551255 HTTP/1.1" 200 15 "http://localhost:5000/feeds" "Mozilla/5.0 (Macintosh; Intel Mac OS X 10_15_7) AppleWebKit/537.36 (KHTML, like Gecko) Chrome/92.0.4515.131 Safari/537.36"
::1 - - [14/Aug/2021:11:45:51 +0000] "GET /favicon.ico HTTP/1.1" 200 15 "http://localhost:5000/feeds" "Mozilla/5.0 (Macintosh; Intel Mac OS X 10_15_7) AppleWebKit/537.36 (KHTML, like Gecko) Chrome/92.0.4515.131 Safari/537.36"
::1 - - [14/Aug/2021:11:46:55 +0000] "GET /feeds HTTP/1.1" 200 18626 "-" "Mozilla/5.0 (Macintosh; Intel Mac OS X 10_15_7) AppleWebKit/537.36 (KHTML, like Gecko) Chrome/92.0.4515.131 Safari/537.36"
::1 - - [14/Aug/2021:11:46:55 +0000] "POST /ajax.php?v=1628941615289 HTTP/1.1" 200 15 "http://localhost:5000/feeds" "Mozilla/5.0 (Macintosh; Intel Mac OS X 10_15_7) AppleWebKit/537.36 (KHTML, like Gecko) Chrome/92.0.4515.131 Safari/537.36"
::1 - - [14/Aug/2021:11:46:55 +0000] "GET /favicon.ico HTTP/1.1" 200 15 "http://localhost:5000/feeds" "Mozilla/5.0 (Macintosh; Intel Mac OS X 10_15_7) AppleWebKit/537.36 (KHTML, like Gecko) Chrome/92.0.4515.131 Safari/537.36"
::1 - - [14/Aug/2021:11:47:08 +0000] "GET /feeds HTTP/1.1" 200 18093 "-" "Mozilla/5.0 (Macintosh; Intel Mac OS X 10_15_7) AppleWebKit/537.36 (KHTML, like Gecko) Chrome/92.0.4515.131 Safari/537.36"
::1 - - [14/Aug/2021:11:47:08 +0000] "POST /ajax.php?v=1628941628156 HTTP/1.1" 200 15 "http://localhost:5000/feeds" "Mozilla/5.0 (Macintosh; Intel Mac OS X 10_15_7) AppleWebKit/537.36 (KHTML, like Gecko) Chrome/92.0.4515.131 Safari/537.36"
::1 - - [14/Aug/2021:11:47:08 +0000] "GET /favicon.ico HTTP/1.1" 200 15 "http://localhost:5000/feeds" "Mozilla/5.0 (Macintosh; Intel Mac OS X 10_15_7) AppleWebKit/537.36 (KHTML, like Gecko) Chrome/92.0.4515.131 Safari/537.36"
::1 - - [14/Aug/2021:11:47:33 +0000] "GET /feeds HTTP/1.1" 200 25483 "-" "Mozilla/5.0 (Macintosh; Intel Mac OS X 10_15_7) AppleWebKit/537.36 (KHTML, like Gecko) Chrome/92.0.4515.131 Safari/537.36"
::1 - - [14/Aug/2021:11:47:33 +0000] "POST /ajax.php?v=1628941653397 HTTP/1.1" 200 15 "http://localhost:5000/feeds" "Mozilla/5.0 (Macintosh; Intel Mac OS X 10_15_7) AppleWebKit/537.36 (KHTML, like Gecko) Chrome/92.0.4515.131 Safari/537.36"
::1 - - [14/Aug/2021:11:47:33 +0000] "GET /favicon.ico HTTP/1.1" 200 15 "http://localhost:5000/feeds" "Mozilla/5.0 (Macintosh; Intel Mac OS X 10_15_7) AppleWebKit/537.36 (KHTML, like Gecko) Chrome/92.0.4515.131 Safari/537.36"
::1 - - [14/Aug/2021:11:47:59 +0000] "GET /feeds HTTP/1.1" 200 23483 "-" "Mozilla/5.0 (Macintosh; Intel Mac OS X 10_15_7) AppleWebKit/537.36 (KHTML, like Gecko) Chrome/92.0.4515.131 Safari/537.36"
::1 - - [14/Aug/2021:11:47:59 +0000] "POST /ajax.php?v=1628941679885 HTTP/1.1" 200 15 "http://localhost:5000/feeds" "Mozilla/5.0 (Macintosh; Intel Mac OS X 10_15_7) AppleWebKit/537.36 (KHTML, like Gecko) Chrome/92.0.4515.131 Safari/537.36"
::1 - - [14/Aug/2021:11:47:59 +0000] "GET /favicon.ico HTTP/1.1" 200 15 "http://localhost:5000/feeds" "Mozilla/5.0 (Macintosh; Intel Mac OS X 10_15_7) AppleWebKit/537.36 (KHTML, like Gecko) Chrome/92.0.4515.131 Safari/537.36"
::1 - - [14/Aug/2021:11:48:40 +0000] "GET /feeds HTTP/1.1" 200 23582 "-" "Mozilla/5.0 (Macintosh; Intel Mac OS X 10_15_7) AppleWebKit/537.36 (KHTML, like Gecko) Chrome/92.0.4515.131 Safari/537.36"
::1 - - [14/Aug/2021:11:48:41 +0000] "POST /ajax.php?v=1628941721004 HTTP/1.1" 200 15 "http://localhost:5000/feeds" "Mozilla/5.0 (Macintosh; Intel Mac OS X 10_15_7) AppleWebKit/537.36 (KHTML, like Gecko) Chrome/92.0.4515.131 Safari/537.36"
::1 - - [14/Aug/2021:11:48:41 +0000] "GET /favicon.ico HTTP/1.1" 200 15 "http://localhost:5000/feeds" "Mozilla/5.0 (Macintosh; Intel Mac OS X 10_15_7) AppleWebKit/537.36 (KHTML, like Gecko) Chrome/92.0.4515.131 Safari/537.36"
::1 - - [14/Aug/2021:11:49:14 +0000] "GET /feeds HTTP/1.1" 200 15525 "-" "Mozilla/5.0 (Macintosh; Intel Mac OS X 10_15_7) AppleWebKit/537.36 (KHTML, like Gecko) Chrome/92.0.4515.131 Safari/537.36"
::1 - - [14/Aug/2021:11:49:14 +0000] "POST /ajax.php?v=1628941754390 HTTP/1.1" 200 15 "http://localhost:5000/feeds" "Mozilla/5.0 (Macintosh; Intel Mac OS X 10_15_7) AppleWebKit/537.36 (KHTML, like Gecko) Chrome/92.0.4515.131 Safari/537.36"
::1 - - [14/Aug/2021:11:49:14 +0000] "GET /favicon.ico HTTP/1.1" 200 15 "http://localhost:5000/feeds" "Mozilla/5.0 (Macintosh; Intel Mac OS X 10_15_7) AppleWebKit/537.36 (KHTML, like Gecko) Chrome/92.0.4515.131 Safari/537.36"
::1 - - [14/Aug/2021:11:49:31 +0000] "GET /feeds HTTP/1.1" - - "-" "Mozilla/5.0 (Macintosh; Intel Mac OS X 10_15_7) AppleWebKit/537.36 (KHTML, like Gecko) Chrome/92.0.4515.131 Safari/537.36"
::1 - - [14/Aug/2021:11:49:33 +0000] "GET /feeds HTTP/1.1" 200 15846 "-" "Mozilla/5.0 (Macintosh; Intel Mac OS X 10_15_7) AppleWebKit/537.36 (KHTML, like Gecko) Chrome/92.0.4515.131 Safari/537.36"
::1 - - [14/Aug/2021:11:49:33 +0000] "POST /ajax.php?v=1628941773710 HTTP/1.1" 200 15 "http://localhost:5000/feeds" "Mozilla/5.0 (Macintosh; Intel Mac OS X 10_15_7) AppleWebKit/537.36 (KHTML, like Gecko) Chrome/92.0.4515.131 Safari/537.36"
::1 - - [14/Aug/2021:11:49:33 +0000] "GET /favicon.ico HTTP/1.1" 200 15 "http://localhost:5000/feeds" "Mozilla/5.0 (Macintosh; Intel Mac OS X 10_15_7) AppleWebKit/537.36 (KHTML, like Gecko) Chrome/92.0.4515.131 Safari/537.36"
::1 - - [14/Aug/2021:11:50:43 +0000] "POST /ajax.php?v=1628941843538 HTTP/1.1" 200 15 "http://localhost:5000/feeds" "Mozilla/5.0 (Macintosh; Intel Mac OS X 10_15_7) AppleWebKit/537.36 (KHTML, like Gecko) Chrome/92.0.4515.131 Safari/537.36"
::1 - - [14/Aug/2021:11:50:43 +0000] "GET /favicon.ico HTTP/1.1" 304 - "http://localhost:5000/feeds" "Mozilla/5.0 (Macintosh; Intel Mac OS X 10_15_7) AppleWebKit/537.36 (KHTML, like Gecko) Chrome/92.0.4515.131 Safari/537.36"
::1 - - [14/Aug/2021:12:35:36 +0000] "GET /feeds HTTP/1.1" 200 203 "-" "PostmanRuntime/7.28.2"
::1 - - [14/Aug/2021:12:36:02 +0000] "GET /feeds HTTP/1.1" 200 203 "-" "PostmanRuntime/7.28.2"
::1 - - [14/Aug/2021:12:36:27 +0000] "GET /feeds HTTP/1.1" 200 203 "-" "PostmanRuntime/7.28.2"
::1 - - [14/Aug/2021:12:36:43 +0000] "GET /feeds HTTP/1.1" 200 203 "-" "PostmanRuntime/7.28.2"
::1 - - [14/Aug/2021:12:37:10 +0000] "GET /feeds HTTP/1.1" 200 12058 "-" "PostmanRuntime/7.28.2"
::1 - - [14/Aug/2021:12:37:22 +0000] "GET /feeds?page=1&limit=2 HTTP/1.1" 200 1695 "-" "PostmanRuntime/7.28.2"
::1 - - [14/Aug/2021:12:37:33 +0000] "GET /feeds?page=1&limit=10 HTTP/1.1" 200 11850 "-" "PostmanRuntime/7.28.2"
::1 - - [14/Aug/2021:12:37:59 +0000] "GET /feeds?page=2&limit=4 HTTP/1.1" 200 5009 "-" "PostmanRuntime/7.28.2"
::1 - - [14/Aug/2021:12:45:37 +0000] "GET /feeds?page=2&limit=4 HTTP/1.1" 200 32847 "-" "Mozilla/5.0 (Macintosh; Intel Mac OS X 10_15_7) AppleWebKit/537.36 (KHTML, like Gecko) Chrome/92.0.4515.131 Safari/537.36"
::1 - - [14/Aug/2021:12:45:37 +0000] "POST /ajax.php?v=1628945137473 HTTP/1.1" 200 15 "http://localhost:5000/feeds?page=2&limit=4" "Mozilla/5.0 (Macintosh; Intel Mac OS X 10_15_7) AppleWebKit/537.36 (KHTML, like Gecko) Chrome/92.0.4515.131 Safari/537.36"
::1 - - [14/Aug/2021:12:45:37 +0000] "GET /favicon.ico HTTP/1.1" 304 - "http://localhost:5000/feeds?page=2&limit=4" "Mozilla/5.0 (Macintosh; Intel Mac OS X 10_15_7) AppleWebKit/537.36 (KHTML, like Gecko) Chrome/92.0.4515.131 Safari/537.36"
::1 - - [14/Aug/2021:12:46:16 +0000] "GET /feeds?page=2&limit=4 HTTP/1.1" 200 3741 "-" "Mozilla/5.0 (Macintosh; Intel Mac OS X 10_15_7) AppleWebKit/537.36 (KHTML, like Gecko) Chrome/92.0.4515.131 Safari/537.36"
::1 - - [14/Aug/2021:12:46:16 +0000] "POST /ajax.php?v=1628945176073 HTTP/1.1" 200 15 "http://localhost:5000/feeds?page=2&limit=4" "Mozilla/5.0 (Macintosh; Intel Mac OS X 10_15_7) AppleWebKit/537.36 (KHTML, like Gecko) Chrome/92.0.4515.131 Safari/537.36"
::1 - - [14/Aug/2021:12:46:16 +0000] "GET /favicon.ico HTTP/1.1" 200 15 "http://localhost:5000/feeds?page=2&limit=4" "Mozilla/5.0 (Macintosh; Intel Mac OS X 10_15_7) AppleWebKit/537.36 (KHTML, like Gecko) Chrome/92.0.4515.131 Safari/537.36"
::1 - - [14/Aug/2021:12:46:30 +0000] "GET /feeds?page=1&limit=4 HTTP/1.1" 200 6136 "-" "Mozilla/5.0 (Macintosh; Intel Mac OS X 10_15_7) AppleWebKit/537.36 (KHTML, like Gecko) Chrome/92.0.4515.131 Safari/537.36"
::1 - - [14/Aug/2021:12:46:30 +0000] "POST /ajax.php?v=1628945190850 HTTP/1.1" 200 15 "http://localhost:5000/feeds?page=1&limit=4" "Mozilla/5.0 (Macintosh; Intel Mac OS X 10_15_7) AppleWebKit/537.36 (KHTML, like Gecko) Chrome/92.0.4515.131 Safari/537.36"
::1 - - [14/Aug/2021:12:46:30 +0000] "GET /favicon.ico HTTP/1.1" 304 - "http://localhost:5000/feeds?page=1&limit=4" "Mozilla/5.0 (Macintosh; Intel Mac OS X 10_15_7) AppleWebKit/537.36 (KHTML, like Gecko) Chrome/92.0.4515.131 Safari/537.36"
